{"/Users/aleloco/Documents/SoftEng2/spg/server/index.js": {"path":"/Users/aleloco/Documents/SoftEng2/spg/server/index.js","statementMap":{"0":{"start":{"line":1,"column":12},"end":{"line":1,"column":36}},"1":{"start":{"line":2,"column":13},"end":{"line":2,"column":17}},"2":{"start":{"line":3,"column":18},"end":{"line":3,"column":36}},"3":{"start":{"line":5,"column":0},"end":{"line":5,"column":8}},"4":{"start":{"line":7,"column":0},"end":{"line":7,"column":83}},"5":{"start":{"line":7,"column":23},"end":{"line":7,"column":81}},"6":{"start":{"line":9,"column":0},"end":{"line":9,"column":21}}},"fnMap":{"0":{"name":"(anonymous_0)","decl":{"start":{"line":7,"column":17},"end":{"line":7,"column":18}},"loc":{"start":{"line":7,"column":23},"end":{"line":7,"column":81}},"line":7}},"branchMap":{},"s":{"0":1,"1":1,"2":1,"3":1,"4":1,"5":1,"6":1},"f":{"0":1},"b":{},"_coverageSchema":"1a1c01bbd47fc00a2c39e90264f33305004495a9","hash":"f9586e437b5b267b805d9b2b682698d2faf8316a"}
,"/Users/aleloco/Documents/SoftEng2/spg/server/setup.js": {"path":"/Users/aleloco/Documents/SoftEng2/spg/server/setup.js","statementMap":{"0":{"start":{"line":1,"column":18},"end":{"line":1,"column":40}},"1":{"start":{"line":5,"column":4},"end":{"line":5,"column":42}},"2":{"start":{"line":7,"column":4},"end":{"line":33,"column":7}},"3":{"start":{"line":35,"column":4},"end":{"line":91,"column":6}},"4":{"start":{"line":77,"column":8},"end":{"line":82,"column":15}},"5":{"start":{"line":84,"column":8},"end":{"line":90,"column":10}},"6":{"start":{"line":93,"column":4},"end":{"line":122,"column":7}},"7":{"start":{"line":125,"column":0},"end":{"line":125,"column":27}}},"fnMap":{"0":{"name":"reset","decl":{"start":{"line":3,"column":15},"end":{"line":3,"column":20}},"loc":{"start":{"line":3,"column":24},"end":{"line":123,"column":1}},"line":3},"1":{"name":"(anonymous_1)","decl":{"start":{"line":76,"column":12},"end":{"line":76,"column":13}},"loc":{"start":{"line":76,"column":24},"end":{"line":91,"column":5}},"line":76}},"branchMap":{},"s":{"0":1,"1":4,"2":4,"3":4,"4":4,"5":4,"6":4,"7":1},"f":{"0":4,"1":4},"b":{},"_coverageSchema":"1a1c01bbd47fc00a2c39e90264f33305004495a9","hash":"b440c9e3a62e0a2ce4a1f9b08575c8b5c63af4d6"}
,"/Users/aleloco/Documents/SoftEng2/spg/server/express/app.js": {"path":"/Users/aleloco/Documents/SoftEng2/spg/server/express/app.js","statementMap":{"0":{"start":{"line":1,"column":16},"end":{"line":1,"column":34}},"1":{"start":{"line":2,"column":19},"end":{"line":2,"column":41}},"2":{"start":{"line":4,"column":15},"end":{"line":7,"column":1}},"3":{"start":{"line":9,"column":12},"end":{"line":9,"column":21}},"4":{"start":{"line":10,"column":0},"end":{"line":10,"column":27}},"5":{"start":{"line":11,"column":0},"end":{"line":11,"column":51}},"6":{"start":{"line":14,"column":4},"end":{"line":20,"column":6}},"7":{"start":{"line":15,"column":8},"end":{"line":19,"column":9}},"8":{"start":{"line":16,"column":12},"end":{"line":16,"column":36}},"9":{"start":{"line":18,"column":12},"end":{"line":18,"column":24}},"10":{"start":{"line":23,"column":0},"end":{"line":54,"column":1}},"11":{"start":{"line":24,"column":4},"end":{"line":29,"column":5}},"12":{"start":{"line":25,"column":8},"end":{"line":28,"column":10}},"13":{"start":{"line":36,"column":4},"end":{"line":41,"column":5}},"14":{"start":{"line":37,"column":8},"end":{"line":40,"column":10}},"15":{"start":{"line":56,"column":0},"end":{"line":56,"column":21}}},"fnMap":{"0":{"name":"makeHandlerAwareOfAsyncErrors","decl":{"start":{"line":13,"column":9},"end":{"line":13,"column":38}},"loc":{"start":{"line":13,"column":48},"end":{"line":21,"column":1}},"line":13},"1":{"name":"(anonymous_1)","decl":{"start":{"line":14,"column":11},"end":{"line":14,"column":12}},"loc":{"start":{"line":14,"column":42},"end":{"line":20,"column":5}},"line":14}},"branchMap":{"0":{"loc":{"start":{"line":24,"column":4},"end":{"line":29,"column":5}},"type":"if","locations":[{"start":{"line":24,"column":4},"end":{"line":29,"column":5}},{"start":{},"end":{}}],"line":24},"1":{"loc":{"start":{"line":36,"column":4},"end":{"line":41,"column":5}},"type":"if","locations":[{"start":{"line":36,"column":4},"end":{"line":41,"column":5}},{"start":{},"end":{}}],"line":36}},"s":{"0":1,"1":1,"2":1,"3":1,"4":1,"5":1,"6":3,"7":3,"8":3,"9":0,"10":1,"11":2,"12":2,"13":2,"14":1,"15":1},"f":{"0":3,"1":3},"b":{"0":[2,0],"1":[1,1]},"_coverageSchema":"1a1c01bbd47fc00a2c39e90264f33305004495a9","hash":"af2fb2a1913b1739695e826e414c8c6b7c87dce4"}
,"/Users/aleloco/Documents/SoftEng2/spg/server/express/routes/order.js": {"path":"/Users/aleloco/Documents/SoftEng2/spg/server/express/routes/order.js","statementMap":{"0":{"start":{"line":1,"column":19},"end":{"line":1,"column":45}},"1":{"start":{"line":2,"column":18},"end":{"line":2,"column":38}},"2":{"start":{"line":3,"column":11},"end":{"line":3,"column":23}},"3":{"start":{"line":4,"column":20},"end":{"line":4,"column":41}},"4":{"start":{"line":5,"column":27},"end":{"line":5,"column":62}},"5":{"start":{"line":8,"column":4},"end":{"line":10,"column":67}},"6":{"start":{"line":9,"column":24},"end":{"line":9,"column":52}},"7":{"start":{"line":10,"column":22},"end":{"line":10,"column":66}},"8":{"start":{"line":14,"column":14},"end":{"line":14,"column":29}},"9":{"start":{"line":15,"column":17},"end":{"line":15,"column":76}},"10":{"start":{"line":16,"column":4},"end":{"line":18,"column":5}},"11":{"start":{"line":17,"column":8},"end":{"line":17,"column":60}},"12":{"start":{"line":19,"column":4},"end":{"line":47,"column":5}},"13":{"start":{"line":20,"column":51},"end":{"line":20,"column":59}},"14":{"start":{"line":21,"column":22},"end":{"line":26,"column":9}},"15":{"start":{"line":27,"column":8},"end":{"line":29,"column":9}},"16":{"start":{"line":28,"column":12},"end":{"line":28,"column":75}},"17":{"start":{"line":30,"column":8},"end":{"line":44,"column":71}},"18":{"start":{"line":32,"column":16},"end":{"line":42,"column":17}},"19":{"start":{"line":33,"column":20},"end":{"line":41,"column":83}},"20":{"start":{"line":34,"column":38},"end":{"line":34,"column":135}},"21":{"start":{"line":35,"column":24},"end":{"line":37,"column":25}},"22":{"start":{"line":36,"column":28},"end":{"line":36,"column":118}},"23":{"start":{"line":38,"column":24},"end":{"line":38,"column":133}},"24":{"start":{"line":40,"column":36},"end":{"line":40,"column":78}},"25":{"start":{"line":41,"column":38},"end":{"line":41,"column":82}},"26":{"start":{"line":44,"column":26},"end":{"line":44,"column":70}},"27":{"start":{"line":46,"column":8},"end":{"line":46,"column":53}},"28":{"start":{"line":50,"column":0},"end":{"line":53,"column":2}}},"fnMap":{"0":{"name":"getAll","decl":{"start":{"line":7,"column":15},"end":{"line":7,"column":21}},"loc":{"start":{"line":7,"column":32},"end":{"line":11,"column":1}},"line":7},"1":{"name":"(anonymous_1)","decl":{"start":{"line":9,"column":14},"end":{"line":9,"column":15}},"loc":{"start":{"line":9,"column":24},"end":{"line":9,"column":52}},"line":9},"2":{"name":"(anonymous_2)","decl":{"start":{"line":10,"column":15},"end":{"line":10,"column":16}},"loc":{"start":{"line":10,"column":22},"end":{"line":10,"column":66}},"line":10},"3":{"name":"create","decl":{"start":{"line":13,"column":15},"end":{"line":13,"column":21}},"loc":{"start":{"line":13,"column":32},"end":{"line":48,"column":1}},"line":13},"4":{"name":"(anonymous_4)","decl":{"start":{"line":31,"column":18},"end":{"line":31,"column":19}},"loc":{"start":{"line":31,"column":35},"end":{"line":43,"column":13}},"line":31},"5":{"name":"(anonymous_5)","decl":{"start":{"line":33,"column":51},"end":{"line":33,"column":52}},"loc":{"start":{"line":33,"column":68},"end":{"line":39,"column":21}},"line":33},"6":{"name":"(anonymous_6)","decl":{"start":{"line":40,"column":30},"end":{"line":40,"column":31}},"loc":{"start":{"line":40,"column":36},"end":{"line":40,"column":78}},"line":40},"7":{"name":"(anonymous_7)","decl":{"start":{"line":41,"column":31},"end":{"line":41,"column":32}},"loc":{"start":{"line":41,"column":38},"end":{"line":41,"column":82}},"line":41},"8":{"name":"(anonymous_8)","decl":{"start":{"line":44,"column":19},"end":{"line":44,"column":20}},"loc":{"start":{"line":44,"column":26},"end":{"line":44,"column":70}},"line":44}},"branchMap":{"0":{"loc":{"start":{"line":16,"column":4},"end":{"line":18,"column":5}},"type":"if","locations":[{"start":{"line":16,"column":4},"end":{"line":18,"column":5}},{"start":{},"end":{}}],"line":16},"1":{"loc":{"start":{"line":27,"column":8},"end":{"line":29,"column":9}},"type":"if","locations":[{"start":{"line":27,"column":8},"end":{"line":29,"column":9}},{"start":{},"end":{}}],"line":27},"2":{"loc":{"start":{"line":27,"column":12},"end":{"line":27,"column":98}},"type":"binary-expr","locations":[{"start":{"line":27,"column":12},"end":{"line":27,"column":51}},{"start":{"line":27,"column":55},"end":{"line":27,"column":98}}],"line":27},"3":{"loc":{"start":{"line":32,"column":16},"end":{"line":42,"column":17}},"type":"if","locations":[{"start":{"line":32,"column":16},"end":{"line":42,"column":17}},{"start":{},"end":{}}],"line":32},"4":{"loc":{"start":{"line":35,"column":24},"end":{"line":37,"column":25}},"type":"if","locations":[{"start":{"line":35,"column":24},"end":{"line":37,"column":25}},{"start":{},"end":{}}],"line":35}},"s":{"0":1,"1":1,"2":1,"3":1,"4":1,"5":1,"6":1,"7":0,"8":1,"9":1,"10":1,"11":0,"12":1,"13":1,"14":1,"15":1,"16":0,"17":1,"18":1,"19":1,"20":2,"21":2,"22":0,"23":2,"24":1,"25":0,"26":0,"27":0,"28":1},"f":{"0":1,"1":1,"2":0,"3":1,"4":1,"5":2,"6":1,"7":0,"8":0},"b":{"0":[0,1],"1":[0,1],"2":[1,1],"3":[1,0],"4":[0,2]},"_coverageSchema":"1a1c01bbd47fc00a2c39e90264f33305004495a9","hash":"155ea6d327e1f0849c8a7dd455bfe6e6197e4db9"}
,"/Users/aleloco/Documents/SoftEng2/spg/server/express/routes/product.js": {"path":"/Users/aleloco/Documents/SoftEng2/spg/server/express/routes/product.js","statementMap":{"0":{"start":{"line":1,"column":17},"end":{"line":1,"column":43}},"1":{"start":{"line":4,"column":4},"end":{"line":6,"column":67}},"2":{"start":{"line":5,"column":26},"end":{"line":5,"column":56}},"3":{"start":{"line":6,"column":22},"end":{"line":6,"column":66}},"4":{"start":{"line":9,"column":0},"end":{"line":11,"column":2}}},"fnMap":{"0":{"name":"getAll","decl":{"start":{"line":3,"column":15},"end":{"line":3,"column":21}},"loc":{"start":{"line":3,"column":32},"end":{"line":7,"column":1}},"line":3},"1":{"name":"(anonymous_1)","decl":{"start":{"line":5,"column":14},"end":{"line":5,"column":15}},"loc":{"start":{"line":5,"column":26},"end":{"line":5,"column":56}},"line":5},"2":{"name":"(anonymous_2)","decl":{"start":{"line":6,"column":15},"end":{"line":6,"column":16}},"loc":{"start":{"line":6,"column":22},"end":{"line":6,"column":66}},"line":6}},"branchMap":{},"s":{"0":1,"1":1,"2":1,"3":0,"4":1},"f":{"0":1,"1":1,"2":0},"b":{},"_coverageSchema":"1a1c01bbd47fc00a2c39e90264f33305004495a9","hash":"25be8c2124a8a2abfd7bed60b30836fee4896deb"}
,"/Users/aleloco/Documents/SoftEng2/spg/server/express/schemas/order-request.js": {"path":"/Users/aleloco/Documents/SoftEng2/spg/server/express/schemas/order-request.js","statementMap":{"0":{"start":{"line":1,"column":0},"end":{"line":20,"column":2}}},"fnMap":{},"branchMap":{},"s":{"0":1},"f":{},"b":{},"_coverageSchema":"1a1c01bbd47fc00a2c39e90264f33305004495a9","hash":"f0a8f97ffcace017b41e843b86bc94f1fa42bc96"}
,"/Users/aleloco/Documents/SoftEng2/spg/server/sequelize/index.js": {"path":"/Users/aleloco/Documents/SoftEng2/spg/server/sequelize/index.js","statementMap":{"0":{"start":{"line":1,"column":22},"end":{"line":1,"column":42}},"1":{"start":{"line":2,"column":28},"end":{"line":2,"column":50}},"2":{"start":{"line":4,"column":18},"end":{"line":9,"column":2}},"3":{"start":{"line":11,"column":22},"end":{"line":18,"column":1}},"4":{"start":{"line":20,"column":0},"end":{"line":22,"column":1}},"5":{"start":{"line":21,"column":4},"end":{"line":21,"column":28}},"6":{"start":{"line":24,"column":0},"end":{"line":24,"column":27}},"7":{"start":{"line":26,"column":0},"end":{"line":26,"column":27}}},"fnMap":{},"branchMap":{},"s":{"0":1,"1":1,"2":1,"3":1,"4":1,"5":6,"6":1,"7":1},"f":{},"b":{},"_coverageSchema":"1a1c01bbd47fc00a2c39e90264f33305004495a9","hash":"57f345b97b2b04afced47baa284b8baa67ed9a22"}
,"/Users/aleloco/Documents/SoftEng2/spg/server/sequelize/relations.js": {"path":"/Users/aleloco/Documents/SoftEng2/spg/server/sequelize/relations.js","statementMap":{"0":{"start":{"line":9,"column":8},"end":{"line":9,"column":24}},"1":{"start":{"line":11,"column":4},"end":{"line":11,"column":59}},"2":{"start":{"line":12,"column":4},"end":{"line":12,"column":59}},"3":{"start":{"line":14,"column":4},"end":{"line":14,"column":23}},"4":{"start":{"line":15,"column":4},"end":{"line":15,"column":25}},"5":{"start":{"line":18,"column":0},"end":{"line":18,"column":37}}},"fnMap":{"0":{"name":"applyExtraSetup","decl":{"start":{"line":1,"column":9},"end":{"line":1,"column":24}},"loc":{"start":{"line":1,"column":36},"end":{"line":16,"column":1}},"line":1}},"branchMap":{},"s":{"0":1,"1":1,"2":1,"3":1,"4":1,"5":1},"f":{"0":1},"b":{},"_coverageSchema":"1a1c01bbd47fc00a2c39e90264f33305004495a9","hash":"720b3f2f78f94f941c12d3ad47f4a0dd80e09a4d"}
,"/Users/aleloco/Documents/SoftEng2/spg/server/sequelize/models/Client.model.js": {"path":"/Users/aleloco/Documents/SoftEng2/spg/server/sequelize/models/Client.model.js","statementMap":{"0":{"start":{"line":1,"column":22},"end":{"line":1,"column":42}},"1":{"start":{"line":3,"column":0},"end":{"line":27,"column":2}},"2":{"start":{"line":4,"column":4},"end":{"line":26,"column":7}}},"fnMap":{"0":{"name":"(anonymous_0)","decl":{"start":{"line":3,"column":17},"end":{"line":3,"column":18}},"loc":{"start":{"line":3,"column":32},"end":{"line":27,"column":1}},"line":3}},"branchMap":{},"s":{"0":1,"1":1,"2":1},"f":{"0":1},"b":{},"_coverageSchema":"1a1c01bbd47fc00a2c39e90264f33305004495a9","hash":"d33247db374be6e4c7d71c5bf901d2e997a2df34"}
,"/Users/aleloco/Documents/SoftEng2/spg/server/sequelize/models/Employee.model.js": {"path":"/Users/aleloco/Documents/SoftEng2/spg/server/sequelize/models/Employee.model.js","statementMap":{"0":{"start":{"line":1,"column":22},"end":{"line":1,"column":42}},"1":{"start":{"line":3,"column":0},"end":{"line":27,"column":2}},"2":{"start":{"line":4,"column":4},"end":{"line":26,"column":7}}},"fnMap":{"0":{"name":"(anonymous_0)","decl":{"start":{"line":3,"column":17},"end":{"line":3,"column":18}},"loc":{"start":{"line":3,"column":32},"end":{"line":27,"column":1}},"line":3}},"branchMap":{},"s":{"0":1,"1":1,"2":1},"f":{"0":1},"b":{},"_coverageSchema":"1a1c01bbd47fc00a2c39e90264f33305004495a9","hash":"0c2170ea47d6aaf1921b967b9ce7da15dc91fab4"}
,"/Users/aleloco/Documents/SoftEng2/spg/server/sequelize/models/Order.model.js": {"path":"/Users/aleloco/Documents/SoftEng2/spg/server/sequelize/models/Order.model.js","statementMap":{"0":{"start":{"line":1,"column":22},"end":{"line":1,"column":42}},"1":{"start":{"line":3,"column":0},"end":{"line":26,"column":2}},"2":{"start":{"line":4,"column":4},"end":{"line":25,"column":7}}},"fnMap":{"0":{"name":"(anonymous_0)","decl":{"start":{"line":3,"column":17},"end":{"line":3,"column":18}},"loc":{"start":{"line":3,"column":32},"end":{"line":26,"column":1}},"line":3}},"branchMap":{},"s":{"0":1,"1":1,"2":1},"f":{"0":1},"b":{},"_coverageSchema":"1a1c01bbd47fc00a2c39e90264f33305004495a9","hash":"903c6328cf7415754bc5858c5709c07f56d7673b"}
,"/Users/aleloco/Documents/SoftEng2/spg/server/sequelize/models/OrderProduct.model.js": {"path":"/Users/aleloco/Documents/SoftEng2/spg/server/sequelize/models/OrderProduct.model.js","statementMap":{"0":{"start":{"line":1,"column":22},"end":{"line":1,"column":42}},"1":{"start":{"line":3,"column":0},"end":{"line":26,"column":2}},"2":{"start":{"line":4,"column":4},"end":{"line":25,"column":7}}},"fnMap":{"0":{"name":"(anonymous_0)","decl":{"start":{"line":3,"column":17},"end":{"line":3,"column":18}},"loc":{"start":{"line":3,"column":32},"end":{"line":26,"column":1}},"line":3}},"branchMap":{},"s":{"0":1,"1":1,"2":1},"f":{"0":1},"b":{},"_coverageSchema":"1a1c01bbd47fc00a2c39e90264f33305004495a9","hash":"f5d39a52b3b29e6df2547f1375f6ab602f72bc52"}
,"/Users/aleloco/Documents/SoftEng2/spg/server/sequelize/models/Product.model.js": {"path":"/Users/aleloco/Documents/SoftEng2/spg/server/sequelize/models/Product.model.js","statementMap":{"0":{"start":{"line":1,"column":22},"end":{"line":1,"column":42}},"1":{"start":{"line":3,"column":0},"end":{"line":34,"column":2}},"2":{"start":{"line":4,"column":4},"end":{"line":33,"column":7}}},"fnMap":{"0":{"name":"(anonymous_0)","decl":{"start":{"line":3,"column":17},"end":{"line":3,"column":18}},"loc":{"start":{"line":3,"column":32},"end":{"line":34,"column":1}},"line":3}},"branchMap":{},"s":{"0":1,"1":1,"2":1},"f":{"0":1},"b":{},"_coverageSchema":"1a1c01bbd47fc00a2c39e90264f33305004495a9","hash":"fdeed313e1118c3ff62330e6834251d4f4b51122"}
,"/Users/aleloco/Documents/SoftEng2/spg/server/sequelize/models/User.model.js": {"path":"/Users/aleloco/Documents/SoftEng2/spg/server/sequelize/models/User.model.js","statementMap":{"0":{"start":{"line":1,"column":22},"end":{"line":1,"column":42}},"1":{"start":{"line":3,"column":0},"end":{"line":37,"column":2}},"2":{"start":{"line":4,"column":4},"end":{"line":36,"column":7}}},"fnMap":{"0":{"name":"(anonymous_0)","decl":{"start":{"line":3,"column":17},"end":{"line":3,"column":18}},"loc":{"start":{"line":3,"column":32},"end":{"line":37,"column":1}},"line":3}},"branchMap":{},"s":{"0":1,"1":1,"2":1},"f":{"0":1},"b":{},"_coverageSchema":"1a1c01bbd47fc00a2c39e90264f33305004495a9","hash":"6e714aaa39f542faf531231e3c10b2be83957b9f"}
}
