TN:
SF:index.js
FN:7,(anonymous_0)
FNF:1
FNH:1
FNDA:1,(anonymous_0)
DA:1,1
DA:2,1
DA:3,1
DA:5,1
DA:7,1
DA:9,1
LF:6
LH:6
BRF:0
BRH:0
end_of_record
TN:
SF:setup.js
FN:3,reset
FN:76,(anonymous_1)
FNF:2
FNH:2
FNDA:4,reset
FNDA:4,(anonymous_1)
DA:1,1
DA:5,4
DA:7,4
DA:35,4
DA:77,4
DA:84,4
DA:93,4
DA:125,1
LF:8
LH:8
BRF:0
BRH:0
end_of_record
TN:
SF:express/app.js
FN:13,makeHandlerAwareOfAsyncErrors
FN:14,(anonymous_1)
FNF:2
FNH:2
FNDA:3,makeHandlerAwareOfAsyncErrors
FNDA:3,(anonymous_1)
DA:1,1
DA:2,1
DA:4,1
DA:9,1
DA:10,1
DA:11,1
DA:14,3
DA:15,3
DA:16,3
DA:18,0
DA:23,1
DA:24,2
DA:25,2
DA:36,2
DA:37,1
DA:56,1
LF:16
LH:15
BRDA:24,0,0,2
BRDA:24,0,1,0
BRDA:36,1,0,1
BRDA:36,1,1,1
BRF:4
BRH:3
end_of_record
TN:
SF:express/routes/order.js
FN:7,getAll
FN:9,(anonymous_1)
FN:10,(anonymous_2)
FN:13,create
FN:31,(anonymous_4)
FN:33,(anonymous_5)
FN:40,(anonymous_6)
FN:41,(anonymous_7)
FN:44,(anonymous_8)
FNF:9
FNH:6
FNDA:1,getAll
FNDA:1,(anonymous_1)
FNDA:0,(anonymous_2)
FNDA:1,create
FNDA:1,(anonymous_4)
FNDA:2,(anonymous_5)
FNDA:1,(anonymous_6)
FNDA:0,(anonymous_7)
FNDA:0,(anonymous_8)
DA:1,1
DA:2,1
DA:3,1
DA:4,1
DA:5,1
DA:8,1
DA:9,1
DA:10,0
DA:14,1
DA:15,1
DA:16,1
DA:17,0
DA:19,1
DA:20,1
DA:21,1
DA:27,1
DA:28,0
DA:30,1
DA:32,1
DA:33,1
DA:34,2
DA:35,2
DA:36,0
DA:38,2
DA:40,1
DA:41,0
DA:44,0
DA:46,0
DA:50,1
LF:29
LH:22
BRDA:16,0,0,0
BRDA:16,0,1,1
BRDA:27,1,0,0
BRDA:27,1,1,1
BRDA:27,2,0,1
BRDA:27,2,1,1
BRDA:32,3,0,1
BRDA:32,3,1,0
BRDA:35,4,0,0
BRDA:35,4,1,2
BRF:10
BRH:6
end_of_record
TN:
SF:express/routes/product.js
FN:3,getAll
FN:5,(anonymous_1)
FN:6,(anonymous_2)
FNF:3
FNH:2
FNDA:1,getAll
FNDA:1,(anonymous_1)
FNDA:0,(anonymous_2)
DA:1,1
DA:4,1
DA:5,1
DA:6,0
DA:9,1
LF:5
LH:4
BRF:0
BRH:0
end_of_record
TN:
SF:express/schemas/order-request.js
FNF:0
FNH:0
DA:1,1
LF:1
LH:1
BRF:0
BRH:0
end_of_record
TN:
SF:sequelize/index.js
FNF:0
FNH:0
DA:1,1
DA:2,1
DA:4,1
DA:11,1
DA:20,1
DA:21,6
DA:24,1
DA:26,1
LF:8
LH:8
BRF:0
BRH:0
end_of_record
TN:
SF:sequelize/relations.js
FN:1,applyExtraSetup
FNF:1
FNH:1
FNDA:1,applyExtraSetup
DA:9,1
DA:11,1
DA:12,1
DA:14,1
DA:15,1
DA:18,1
LF:6
LH:6
BRF:0
BRH:0
end_of_record
TN:
SF:sequelize/models/Client.model.js
FN:3,(anonymous_0)
FNF:1
FNH:1
FNDA:1,(anonymous_0)
DA:1,1
DA:3,1
DA:4,1
LF:3
LH:3
BRF:0
BRH:0
end_of_record
TN:
SF:sequelize/models/Employee.model.js
FN:3,(anonymous_0)
FNF:1
FNH:1
FNDA:1,(anonymous_0)
DA:1,1
DA:3,1
DA:4,1
LF:3
LH:3
BRF:0
BRH:0
end_of_record
TN:
SF:sequelize/models/Order.model.js
FN:3,(anonymous_0)
FNF:1
FNH:1
FNDA:1,(anonymous_0)
DA:1,1
DA:3,1
DA:4,1
LF:3
LH:3
BRF:0
BRH:0
end_of_record
TN:
SF:sequelize/models/OrderProduct.model.js
FN:3,(anonymous_0)
FNF:1
FNH:1
FNDA:1,(anonymous_0)
DA:1,1
DA:3,1
DA:4,1
LF:3
LH:3
BRF:0
BRH:0
end_of_record
TN:
SF:sequelize/models/Product.model.js
FN:3,(anonymous_0)
FNF:1
FNH:1
FNDA:1,(anonymous_0)
DA:1,1
DA:3,1
DA:4,1
LF:3
LH:3
BRF:0
BRH:0
end_of_record
TN:
SF:sequelize/models/User.model.js
FN:3,(anonymous_0)
FNF:1
FNH:1
FNDA:1,(anonymous_0)
DA:1,1
DA:3,1
DA:4,1
LF:3
LH:3
BRF:0
BRH:0
end_of_record
